<?xml version="1.0" encoding="UTF-8"?>
<!-- Generated by org.testng.reporters.JUnitXMLReporter -->
<testsuite ignored="0" hostname="PMLDVBALAJID" failures="0" tests="4" name="Default test" time="7.654" errors="0" timestamp="2024-04-29T18:22:09 IST">
  <testcase classname="api.test.UserTests" name="test_post_User" time="2.947"/>
  <testcase classname="api.test.UserTests" name="getUserByName" time="1.352"/>
  <testcase classname="api.test.UserTests" name="testUpdateUserByName" time="1.315"/>
  <testcase classname="api.test.UserTests" name="testDeleteUserByUserName" time="1.369"/>
</testsuite> <!-- Default test -->
