<?xml version="1.0" encoding="UTF-8"?>
<!-- Generated by org.testng.reporters.JUnitXMLReporter -->
<testsuite ignored="0" hostname="PMLDVBALAJID" failures="0" tests="8" name="Default test" time="14.619" errors="0" timestamp="2024-04-06T16:06:49 IST">
  <testcase classname="onlyforothertest.DataDrivenTest" name="test_post_User" time="2.663"/>
  <testcase classname="onlyforothertest.DataDrivenTest" name="test_post_User" time="1.378"/>
  <testcase classname="onlyforothertest.DataDrivenTest" name="test_post_User" time="1.462"/>
  <testcase classname="onlyforothertest.DataDrivenTest" name="test_post_User" time="1.376"/>
  <testcase classname="onlyforothertest.DataDrivenTest" name="getUserByName" time="1.746"/>
  <testcase classname="onlyforothertest.DataDrivenTest" name="getUserByName" time="1.357"/>
  <testcase classname="onlyforothertest.DataDrivenTest" name="getUserByName" time="1.399"/>
  <testcase classname="onlyforothertest.DataDrivenTest" name="getUserByName" time="1.444"/>
</testsuite> <!-- Default test -->
