<?xml version="1.0" encoding="UTF-8"?>
<testng-results ignored="0" total="4" passed="4" failed="0" skipped="0">
  <reporter-output>
  </reporter-output>
  <suite started-at="2024-04-04T16:19:48 IST" name="PetSuite" finished-at="2024-04-04T16:19:55 IST" duration-ms="7575">
    <groups>
    </groups>
    <test started-at="2024-04-04T16:19:48 IST" name="PetTest" finished-at="2024-04-04T16:19:55 IST" duration-ms="7575">
      <class name="api.test.UserTests2">
        <test-method is-config="true" signature="setUp()[pri:0, instance:api.test.UserTests2@4466af20]" started-at="2024-04-04T16:19:48 IST" name="setUp" finished-at="2024-04-04T16:19:49 IST" duration-ms="711" status="PASS">
          <reporter-output>
          </reporter-output>
        </test-method> <!-- setUp -->
        <test-method signature="test_post_User()[pri:1, instance:api.test.UserTests2@4466af20]" started-at="2024-04-04T16:19:49 IST" name="test_post_User" finished-at="2024-04-04T16:19:51 IST" duration-ms="2735" status="PASS">
          <reporter-output>
          </reporter-output>
        </test-method> <!-- test_post_User -->
        <test-method signature="getUserByName()[pri:2, instance:api.test.UserTests2@4466af20]" started-at="2024-04-04T16:19:52 IST" name="getUserByName" finished-at="2024-04-04T16:19:53 IST" duration-ms="1259" status="PASS">
          <reporter-output>
          </reporter-output>
        </test-method> <!-- getUserByName -->
        <test-method signature="testUpdateUserByName()[pri:3, instance:api.test.UserTests2@4466af20]" started-at="2024-04-04T16:19:53 IST" name="testUpdateUserByName" finished-at="2024-04-04T16:19:54 IST" duration-ms="1311" status="PASS">
          <reporter-output>
          </reporter-output>
        </test-method> <!-- testUpdateUserByName -->
        <test-method signature="testDeleteUserByUserName()[pri:4, instance:api.test.UserTests2@4466af20]" started-at="2024-04-04T16:19:54 IST" name="testDeleteUserByUserName" finished-at="2024-04-04T16:19:55 IST" duration-ms="1312" status="PASS">
          <reporter-output>
          </reporter-output>
        </test-method> <!-- testDeleteUserByUserName -->
      </class> <!-- api.test.UserTests2 -->
    </test> <!-- PetTest -->
  </suite> <!-- PetSuite -->
</testng-results>
