<?xml version="1.0" encoding="UTF-8"?>
<testng-results ignored="0" total="4" passed="4" failed="0" skipped="0">
  <reporter-output>
  </reporter-output>
  <suite started-at="2024-05-27T16:49:27 PDT" name="PetSuite" finished-at="2024-05-27T16:49:33 PDT" duration-ms="6389">
    <groups>
    </groups>
    <test started-at="2024-05-27T16:49:27 PDT" name="PetTest" finished-at="2024-05-27T16:49:33 PDT" duration-ms="6389">
      <class name="api.test.UserTests2">
        <test-method is-config="true" signature="setUp()[pri:0, instance:api.test.UserTests2@3e11f9e9]" started-at="2024-05-27T16:49:27 PDT" name="setUp" finished-at="2024-05-27T16:49:27 PDT" duration-ms="457" status="PASS">
          <reporter-output>
          </reporter-output>
        </test-method> <!-- setUp -->
        <test-method signature="test_post_User()[pri:1, instance:api.test.UserTests2@3e11f9e9]" started-at="2024-05-27T16:49:27 PDT" name="test_post_User" finished-at="2024-05-27T16:49:30 PDT" duration-ms="2420" status="PASS">
          <reporter-output>
          </reporter-output>
        </test-method> <!-- test_post_User -->
        <test-method signature="getUserByName()[pri:2, instance:api.test.UserTests2@3e11f9e9]" started-at="2024-05-27T16:49:30 PDT" name="getUserByName" finished-at="2024-05-27T16:49:31 PDT" duration-ms="1121" status="PASS">
          <reporter-output>
          </reporter-output>
        </test-method> <!-- getUserByName -->
        <test-method signature="testUpdateUserByName()[pri:3, instance:api.test.UserTests2@3e11f9e9]" started-at="2024-05-27T16:49:31 PDT" name="testUpdateUserByName" finished-at="2024-05-27T16:49:32 PDT" duration-ms="1075" status="PASS">
          <reporter-output>
          </reporter-output>
        </test-method> <!-- testUpdateUserByName -->
        <test-method signature="testDeleteUserByUserName()[pri:4, instance:api.test.UserTests2@3e11f9e9]" started-at="2024-05-27T16:49:32 PDT" name="testDeleteUserByUserName" finished-at="2024-05-27T16:49:33 PDT" duration-ms="1069" status="PASS">
          <reporter-output>
          </reporter-output>
        </test-method> <!-- testDeleteUserByUserName -->
      </class> <!-- api.test.UserTests2 -->
    </test> <!-- PetTest -->
  </suite> <!-- PetSuite -->
</testng-results>
