<?xml version="1.0" encoding="UTF-8"?>
<testng-results ignored="0" total="1" passed="1" failed="0" skipped="0">
  <reporter-output>
  </reporter-output>
  <suite started-at="2024-04-04T16:05:14 IST" name="Default suite" finished-at="2024-04-04T16:05:15 IST" duration-ms="1719">
    <groups>
    </groups>
    <test started-at="2024-04-04T16:05:14 IST" name="Default test" finished-at="2024-04-04T16:05:15 IST" duration-ms="1719">
      <class name="onlyforothertest.TestUsecase">
        <test-method signature="testStripe()[pri:0, instance:onlyforothertest.TestUsecase@428640fa]" started-at="2024-04-04T16:05:14 IST" name="testStripe" finished-at="2024-04-04T16:05:15 IST" duration-ms="1681" status="PASS">
          <reporter-output>
          </reporter-output>
        </test-method> <!-- testStripe -->
      </class> <!-- onlyforothertest.TestUsecase -->
    </test> <!-- Default test -->
  </suite> <!-- Default suite -->
</testng-results>
