<?xml version="1.0" encoding="UTF-8"?>
<testng-results ignored="0" total="8" passed="8" failed="0" skipped="0">
  <reporter-output>
  </reporter-output>
  <suite started-at="2024-04-06T16:06:34 IST" name="Default suite" finished-at="2024-04-06T16:06:49 IST" duration-ms="14619">
    <groups>
    </groups>
    <test started-at="2024-04-06T16:06:34 IST" name="Default test" finished-at="2024-04-06T16:06:49 IST" duration-ms="14619">
      <class name="onlyforothertest.DataDrivenTest">
        <test-method signature="test_post_User(java.util.Hashtable)[pri:1, instance:onlyforothertest.DataDrivenTest@2d710f1a]" started-at="2024-04-06T16:06:36 IST" name="test_post_User" data-provider="Data" finished-at="2024-04-06T16:06:38 IST" duration-ms="2663" status="PASS">
          <params>
            <param index="0">
              <value>
                <![CDATA[{FirstName=Shree1, UserId=1010, Password=test@12, LastName=Ganesh1, Phone=1234567892, UserName=testuser1, Email=ganesh1@gmail.com}]]>
              </value>
            </param>
          </params>
          <reporter-output>
          </reporter-output>
        </test-method> <!-- test_post_User -->
        <test-method signature="test_post_User(java.util.Hashtable)[pri:1, instance:onlyforothertest.DataDrivenTest@2d710f1a]" started-at="2024-04-06T16:06:38 IST" name="test_post_User" data-provider="Data" finished-at="2024-04-06T16:06:40 IST" duration-ms="1378" status="PASS">
          <params>
            <param index="0">
              <value>
                <![CDATA[{FirstName=Shree2, UserId=1020, Password=test@123, LastName=Ganesh2, Phone=1234567893, UserName=testuser2, Email=ganesh2@gmail.com}]]>
              </value>
            </param>
          </params>
          <reporter-output>
          </reporter-output>
        </test-method> <!-- test_post_User -->
        <test-method signature="test_post_User(java.util.Hashtable)[pri:1, instance:onlyforothertest.DataDrivenTest@2d710f1a]" started-at="2024-04-06T16:06:40 IST" name="test_post_User" data-provider="Data" finished-at="2024-04-06T16:06:41 IST" duration-ms="1462" status="PASS">
          <params>
            <param index="0">
              <value>
                <![CDATA[{FirstName=Shre3, UserId=1030, Password=test@1234, LastName=Ganesh3, Phone=1234567898, UserName=testuser3, Email=ganesh3@gmail.com}]]>
              </value>
            </param>
          </params>
          <reporter-output>
          </reporter-output>
        </test-method> <!-- test_post_User -->
        <test-method signature="test_post_User(java.util.Hashtable)[pri:1, instance:onlyforothertest.DataDrivenTest@2d710f1a]" started-at="2024-04-06T16:06:41 IST" name="test_post_User" data-provider="Data" finished-at="2024-04-06T16:06:43 IST" duration-ms="1376" status="PASS">
          <params>
            <param index="0">
              <value>
                <![CDATA[{FirstName=Shre4, UserId=1040, Password=test@12345, LastName=Ganesh4, Phone=123456712898, UserName=testuser4, Email=ganesh4@gmail.com}]]>
              </value>
            </param>
          </params>
          <reporter-output>
          </reporter-output>
        </test-method> <!-- test_post_User -->
        <test-method signature="getUserByName(java.lang.String)[pri:2, instance:onlyforothertest.DataDrivenTest@2d710f1a]" started-at="2024-04-06T16:06:43 IST" name="getUserByName" data-provider="UserNames" finished-at="2024-04-06T16:06:44 IST" duration-ms="1746" status="PASS">
          <params>
            <param index="0">
              <value>
                <![CDATA[testuser1]]>
              </value>
            </param>
          </params>
          <reporter-output>
          </reporter-output>
        </test-method> <!-- getUserByName -->
        <test-method signature="getUserByName(java.lang.String)[pri:2, instance:onlyforothertest.DataDrivenTest@2d710f1a]" started-at="2024-04-06T16:06:44 IST" name="getUserByName" data-provider="UserNames" finished-at="2024-04-06T16:06:46 IST" duration-ms="1357" status="PASS">
          <params>
            <param index="0">
              <value>
                <![CDATA[testuser2]]>
              </value>
            </param>
          </params>
          <reporter-output>
          </reporter-output>
        </test-method> <!-- getUserByName -->
        <test-method signature="getUserByName(java.lang.String)[pri:2, instance:onlyforothertest.DataDrivenTest@2d710f1a]" started-at="2024-04-06T16:06:46 IST" name="getUserByName" data-provider="UserNames" finished-at="2024-04-06T16:06:47 IST" duration-ms="1399" status="PASS">
          <params>
            <param index="0">
              <value>
                <![CDATA[testuser3]]>
              </value>
            </param>
          </params>
          <reporter-output>
          </reporter-output>
        </test-method> <!-- getUserByName -->
        <test-method signature="getUserByName(java.lang.String)[pri:2, instance:onlyforothertest.DataDrivenTest@2d710f1a]" started-at="2024-04-06T16:06:47 IST" name="getUserByName" data-provider="UserNames" finished-at="2024-04-06T16:06:49 IST" duration-ms="1444" status="PASS">
          <params>
            <param index="0">
              <value>
                <![CDATA[testuser4]]>
              </value>
            </param>
          </params>
          <reporter-output>
          </reporter-output>
        </test-method> <!-- getUserByName -->
      </class> <!-- onlyforothertest.DataDrivenTest -->
    </test> <!-- Default test -->
  </suite> <!-- Default suite -->
</testng-results>
