<?xml version="1.0" encoding="UTF-8"?>
<!-- Generated by org.testng.reporters.JUnitXMLReporter -->
<testsuite ignored="0" hostname="PMLDVBALAJID" failures="0" tests="4" name="PetTest" time="7.718" errors="0" timestamp="2024-04-09T17:40:58 IST">
  <testcase classname="api.test.UserTests2" name="test_post_User" time="2.42"/>
  <testcase classname="api.test.UserTests2" name="getUserByName" time="1.195"/>
  <testcase classname="api.test.UserTests2" name="testUpdateUserByName" time="2.182"/>
  <testcase classname="api.test.UserTests2" name="testDeleteUserByUserName" time="1.208"/>
</testsuite> <!-- PetTest -->
