<?xml version="1.0" encoding="UTF-8"?>
<!-- Generated by org.testng.reporters.JUnitXMLReporter -->
<testsuite ignored="0" hostname="PMLDVBALAJID" failures="0" tests="4" name="PetTest" time="6.392" errors="0" timestamp="2024-04-02T20:37:29 IST">
  <testcase classname="api.test.UserTests2" name="test_post_User" time="2.421"/>
  <testcase classname="api.test.UserTests2" name="getUserByName" time="1.044"/>
  <testcase classname="api.test.UserTests2" name="testUpdateUserByName" time="1.04"/>
  <testcase classname="api.test.UserTests2" name="testDeleteUserByUserName" time="1.188"/>
</testsuite> <!-- PetTest -->
