<?xml version="1.0" encoding="UTF-8"?>
<!-- Generated by org.testng.reporters.JUnitXMLReporter -->
<testsuite ignored="0" hostname="PMLDVBALAJID" failures="0" tests="4" name="PetTest" time="9.438" errors="0" timestamp="2024-04-03T17:26:30 IST">
  <testcase classname="api.test.UserTests2" name="test_post_User" time="3.578"/>
  <testcase classname="api.test.UserTests2" name="getUserByName" time="1.411"/>
  <testcase classname="api.test.UserTests2" name="testUpdateUserByName" time="1.416"/>
  <testcase classname="api.test.UserTests2" name="testDeleteUserByUserName" time="1.38"/>
</testsuite> <!-- PetTest -->
